<?xml version="1.0" encoding="UTF-8"?>
<!-- Generated by org.testng.reporters.JUnitXMLReporter -->
<testsuite hostname="NORIHUELA10" ignored="0" name="Default test" tests="4" failures="0" timestamp="2020-04-03T11:23:10 ART" time="26.677" errors="0">
  <testcase name="irRegistroLogin" time="8.321" classname="pruebas.Test_Laboratorio4_E1"/>
  <testcase name="irRegistroLogin" time="4.629" classname="pruebas.Test_Laboratorio4_E1"/>
  <testcase name="irRegistroLogin" time="5.042" classname="pruebas.Test_Laboratorio4_E1"/>
  <testcase name="irRegistroLogin" time="4.234" classname="pruebas.Test_Laboratorio4_E1"/>
</testsuite> <!-- Default test -->
