<?xml version="1.0" encoding="UTF-8"?>
<testng-results skipped="0" failed="0" ignored="0" total="4" passed="4">
  <reporter-output>
  </reporter-output>
  <suite name="Default suite" duration-ms="26677" started-at="2020-04-03T11:22:43 ART" finished-at="2020-04-03T11:23:09 ART">
    <groups>
    </groups>
    <test name="Default test" duration-ms="26677" started-at="2020-04-03T11:22:43 ART" finished-at="2020-04-03T11:23:09 ART">
      <class name="pruebas.Test_Laboratorio4_E1">
        <test-method status="PASS" signature="setUp()[pri:0, instance:pruebas.Test_Laboratorio4_E1@1c3a4799]" name="setUp" is-config="true" duration-ms="33086" started-at="2020-04-03T11:22:10 ART" finished-at="2020-04-03T11:22:43 ART">
          <reporter-output>
          </reporter-output>
        </test-method> <!-- setUp -->
        <test-method status="PASS" signature="irRegistroLogin(java.lang.String, java.lang.String)[pri:0, instance:pruebas.Test_Laboratorio4_E1@1c3a4799]" name="irRegistroLogin" duration-ms="8321" started-at="2020-04-03T11:22:47 ART" description="Prueba de Registro" data-provider="datos login invalido" finished-at="2020-04-03T11:22:56 ART">
          <params>
            <param index="0">
              <value>
                <![CDATA[dasdad]]>
              </value>
            </param>
            <param index="1">
              <value>
                <![CDATA[qweqwe12]]>
              </value>
            </param>
          </params>
          <reporter-output>
          </reporter-output>
        </test-method> <!-- irRegistroLogin -->
        <test-method status="PASS" signature="irRegistroLogin(java.lang.String, java.lang.String)[pri:0, instance:pruebas.Test_Laboratorio4_E1@1c3a4799]" name="irRegistroLogin" duration-ms="4629" started-at="2020-04-03T11:22:56 ART" description="Prueba de Registro" data-provider="datos login invalido" finished-at="2020-04-03T11:23:00 ART">
          <params>
            <param index="0">
              <value>
                <![CDATA[dasdad]]>
              </value>
            </param>
            <param index="1">
              <value>
                <![CDATA[asda]]>
              </value>
            </param>
          </params>
          <reporter-output>
          </reporter-output>
        </test-method> <!-- irRegistroLogin -->
        <test-method status="PASS" signature="irRegistroLogin(java.lang.String, java.lang.String)[pri:0, instance:pruebas.Test_Laboratorio4_E1@1c3a4799]" name="irRegistroLogin" duration-ms="5042" started-at="2020-04-03T11:23:00 ART" description="Prueba de Registro" data-provider="datos login invalido" finished-at="2020-04-03T11:23:05 ART">
          <params>
            <param index="0">
              <value>
                <![CDATA[adsa]]>
              </value>
            </param>
            <param index="1">
              <value>
                <![CDATA[das]]>
              </value>
            </param>
          </params>
          <reporter-output>
          </reporter-output>
        </test-method> <!-- irRegistroLogin -->
        <test-method status="PASS" signature="irRegistroLogin(java.lang.String, java.lang.String)[pri:0, instance:pruebas.Test_Laboratorio4_E1@1c3a4799]" name="irRegistroLogin" duration-ms="4234" started-at="2020-04-03T11:23:05 ART" description="Prueba de Registro" data-provider="datos login invalido" finished-at="2020-04-03T11:23:09 ART">
          <params>
            <param index="0">
              <value>
                <![CDATA[adas]]>
              </value>
            </param>
            <param index="1">
              <value>
                <![CDATA[das]]>
              </value>
            </param>
          </params>
          <reporter-output>
          </reporter-output>
        </test-method> <!-- irRegistroLogin -->
        <test-method status="PASS" signature="close()[pri:0, instance:pruebas.Test_Laboratorio4_E1@1c3a4799]" name="close" is-config="true" duration-ms="1639" started-at="2020-04-03T11:23:10 ART" finished-at="2020-04-03T11:23:11 ART">
          <reporter-output>
          </reporter-output>
        </test-method> <!-- close -->
      </class> <!-- pruebas.Test_Laboratorio4_E1 -->
    </test> <!-- Default test -->
  </suite> <!-- Default suite -->
</testng-results>
